c:\users\01254003\desktop\universe land\k2enginelow\x64\debug\k2enginelow.pch
c:\users\01254003\desktop\universe land\exlib\x64\debug\k2enginelow.pdb
c:\users\01254003\desktop\universe land\exlib\x64\debug\k2enginelow.idb
c:\users\01254003\desktop\universe land\k2enginelow\x64\debug\k2enginelowprecompile.obj
c:\users\01254003\desktop\universe land\k2enginelow\x64\debug\fontengine.obj
c:\users\01254003\desktop\universe land\k2enginelow\x64\debug\font.obj
c:\users\01254003\desktop\universe land\k2enginelow\x64\debug\effectengine.obj
c:\users\01254003\desktop\universe land\k2enginelow\x64\debug\effectemitter.obj
c:\users\01254003\desktop\universe land\k2enginelow\x64\debug\effect.obj
c:\users\01254003\desktop\universe land\k2enginelow\x64\debug\descriptorheap.obj
c:\users\01254003\desktop\universe land\k2enginelow\x64\debug\constantbuffer.obj
c:\users\01254003\desktop\universe land\k2enginelow\x64\debug\computeanimationvertexbuffer.obj
c:\users\01254003\desktop\universe land\k2enginelow\x64\debug\camera.obj
c:\users\01254003\desktop\universe land\k2enginelow\x64\debug\animationplaycontroller.obj
c:\users\01254003\desktop\universe land\k2enginelow\x64\debug\animationclip.obj
c:\users\01254003\desktop\universe land\k2enginelow\x64\debug\animation.obj
c:\users\01254003\desktop\universe land\k2enginelow\x64\debug\bsp.obj
c:\users\01254003\desktop\universe land\k2enginelow\x64\debug\aabb.obj
c:\users\01254003\desktop\universe land\k2enginelow\x64\debug\igameobject.obj
c:\users\01254003\desktop\universe land\k2enginelow\x64\debug\gameobjectmanager.obj
c:\users\01254003\desktop\universe land\k2enginelow\x64\debug\pathfinding.obj
c:\users\01254003\desktop\universe land\k2enginelow\x64\debug\path.obj
c:\users\01254003\desktop\universe land\k2enginelow\x64\debug\navimesh.obj
c:\users\01254003\desktop\universe land\k2enginelow\x64\debug\cell.obj
c:\users\01254003\desktop\universe land\k2enginelow\x64\debug\rootsignature.obj
c:\users\01254003\desktop\universe land\k2enginelow\x64\debug\rendertarget.obj
c:\users\01254003\desktop\universe land\k2enginelow\x64\debug\tlasbuffer.obj
c:\users\01254003\desktop\universe land\k2enginelow\x64\debug\raytracingworld.obj
c:\users\01254003\desktop\universe land\k2enginelow\x64\debug\raytracingshadertable.obj
c:\users\01254003\desktop\universe land\k2enginelow\x64\debug\raytracingpso.obj
c:\users\01254003\desktop\universe land\k2enginelow\x64\debug\raytracinginstance.obj
c:\users\01254003\desktop\universe land\k2enginelow\x64\debug\raytracingengine.obj
c:\users\01254003\desktop\universe land\k2enginelow\x64\debug\raytracingdescriptorheaps.obj
c:\users\01254003\desktop\universe land\k2enginelow\x64\debug\blasbuffer.obj
c:\users\01254003\desktop\universe land\k2enginelow\x64\debug\pipelinestate.obj
c:\users\01254003\desktop\universe land\k2enginelow\x64\debug\nulltexturemaps.obj
c:\users\01254003\desktop\universe land\k2enginelow\x64\debug\model.obj
c:\users\01254003\desktop\universe land\k2enginelow\x64\debug\meshparts.obj
c:\users\01254003\desktop\universe land\k2enginelow\x64\debug\material.obj
c:\users\01254003\desktop\universe land\k2enginelow\x64\debug\indexbuffer.obj
c:\users\01254003\desktop\universe land\k2enginelow\x64\debug\graphicsengine.obj
c:\users\01254003\desktop\universe land\k2enginelow\x64\debug\gpubuffer.obj
c:\users\01254003\desktop\universe land\k2enginelow\x64\debug\gaussianblur.obj
c:\users\01254003\desktop\universe land\k2enginelow\x64\debug\framebuffer.obj
c:\users\01254003\desktop\universe land\k2enginelow\x64\debug\boxcollider.obj
c:\users\01254003\desktop\universe land\k2enginelow\x64\debug\synconlinetwoplayermatchengine.obj
c:\users\01254003\desktop\universe land\k2enginelow\x64\debug\vector.obj
c:\users\01254003\desktop\universe land\k2enginelow\x64\debug\matrix.obj
c:\users\01254003\desktop\universe land\k2enginelow\x64\debug\tklfile.obj
c:\users\01254003\desktop\universe land\k2enginelow\x64\debug\mapchip.obj
c:\users\01254003\desktop\universe land\k2enginelow\x64\debug\level.obj
c:\users\01254003\desktop\universe land\k2enginelow\x64\debug\mapchip2d.obj
c:\users\01254003\desktop\universe land\k2enginelow\x64\debug\level2d.obj
c:\users\01254003\desktop\universe land\k2enginelow\x64\debug\caslfile.obj
c:\users\01254003\desktop\universe land\k2enginelow\x64\debug\k2enginelow.obj
c:\users\01254003\desktop\universe land\k2enginelow\x64\debug\gamepadvibration.obj
c:\users\01254003\desktop\universe land\k2enginelow\x64\debug\gamepad.obj
c:\users\01254003\desktop\universe land\k2enginelow\x64\debug\vertexbuffer.obj
c:\users\01254003\desktop\universe land\k2enginelow\x64\debug\texture.obj
c:\users\01254003\desktop\universe land\k2enginelow\x64\debug\structuredbuffer.obj
c:\users\01254003\desktop\universe land\k2enginelow\x64\debug\sprite.obj
c:\users\01254003\desktop\universe land\k2enginelow\x64\debug\skeleton.obj
c:\users\01254003\desktop\universe land\k2enginelow\x64\debug\shader.obj
c:\users\01254003\desktop\universe land\k2enginelow\x64\debug\rwstructuredbuffer.obj
c:\users\01254003\desktop\universe land\k2enginelow\x64\debug\tksfile.obj
c:\users\01254003\desktop\universe land\k2enginelow\x64\debug\tknfile.obj
c:\users\01254003\desktop\universe land\k2enginelow\x64\debug\tkmfile.obj
c:\users\01254003\desktop\universe land\k2enginelow\x64\debug\tkafile.obj
c:\users\01254003\desktop\universe land\k2enginelow\x64\debug\wavefilebank.obj
c:\users\01254003\desktop\universe land\k2enginelow\x64\debug\wavefile.obj
c:\users\01254003\desktop\universe land\k2enginelow\x64\debug\soundsource.obj
c:\users\01254003\desktop\universe land\k2enginelow\x64\debug\soundengine.obj
c:\users\01254003\desktop\universe land\k2enginelow\x64\debug\spherecollider.obj
c:\users\01254003\desktop\universe land\k2enginelow\x64\debug\rigidbody.obj
c:\users\01254003\desktop\universe land\k2enginelow\x64\debug\physicsstaticobject.obj
c:\users\01254003\desktop\universe land\k2enginelow\x64\debug\physics.obj
c:\users\01254003\desktop\universe land\k2enginelow\x64\debug\meshcollider.obj
c:\users\01254003\desktop\universe land\k2enginelow\x64\debug\physicsghostobject.obj
c:\users\01254003\desktop\universe land\k2enginelow\x64\debug\debugwireframe.obj
c:\users\01254003\desktop\universe land\k2enginelow\x64\debug\charactercontroller.obj
c:\users\01254003\desktop\universe land\k2enginelow\x64\debug\capsulecollider.obj
c:\users\01254003\desktop\universe land\exlib\x64\debug\k2enginelow.lib
c:\users\01254003\desktop\universe land\k2enginelow\x64\debug\k2enginelow.tlog\cl.command.1.tlog
c:\users\01254003\desktop\universe land\k2enginelow\x64\debug\k2enginelow.tlog\cl.items.tlog
c:\users\01254003\desktop\universe land\k2enginelow\x64\debug\k2enginelow.tlog\cl.read.1.tlog
c:\users\01254003\desktop\universe land\k2enginelow\x64\debug\k2enginelow.tlog\cl.write.1.tlog
c:\users\01254003\desktop\universe land\k2enginelow\x64\debug\k2enginelow.tlog\lib-link.read.1.tlog
c:\users\01254003\desktop\universe land\k2enginelow\x64\debug\k2enginelow.tlog\lib-link.write.1.tlog
c:\users\01254003\desktop\universe land\k2enginelow\x64\debug\k2enginelow.tlog\lib.command.1.tlog
