c:\users\01254003\desktop\universe land\k2engine\x64\debug\k2engine.pch
c:\users\01254003\desktop\universe land\exlib\x64\debug\k2engine.pdb
c:\users\01254003\desktop\universe land\exlib\x64\debug\k2engine.idb
c:\users\01254003\desktop\universe land\k2engine\x64\debug\k2engineprecompile.obj
c:\users\01254003\desktop\universe land\k2engine\x64\debug\posteffect.obj
c:\users\01254003\desktop\universe land\k2engine\x64\debug\fxaa.obj
c:\users\01254003\desktop\universe land\k2engine\x64\debug\dof.obj
c:\users\01254003\desktop\universe land\k2engine\x64\debug\calcsceneluminance.obj
c:\users\01254003\desktop\universe land\k2engine\x64\debug\bloom.obj
c:\users\01254003\desktop\universe land\k2engine\x64\debug\modelrender.obj
c:\users\01254003\desktop\universe land\k2engine\x64\debug\volumespotlight.obj
c:\users\01254003\desktop\universe land\k2engine\x64\debug\volumepointlight.obj
c:\users\01254003\desktop\universe land\k2engine\x64\debug\volumelightrender.obj
c:\users\01254003\desktop\universe land\k2engine\x64\debug\volumelightbase.obj
c:\users\01254003\desktop\universe land\k2engine\x64\debug\spotlight.obj
c:\users\01254003\desktop\universe land\k2engine\x64\debug\scenelight.obj
c:\users\01254003\desktop\universe land\k2engine\x64\debug\pointlight.obj
c:\users\01254003\desktop\universe land\k2engine\x64\debug\fontrender.obj
c:\users\01254003\desktop\universe land\k2engine\x64\debug\scenegeometrydata.obj
c:\users\01254003\desktop\universe land\k2engine\x64\debug\geometrydata.obj
c:\users\01254003\desktop\universe land\k2engine\x64\debug\dbgvectorrenderer.obj
c:\users\01254003\desktop\universe land\k2engine\x64\debug\collisionobject.obj
c:\users\01254003\desktop\universe land\k2engine\x64\debug\springcamera.obj
c:\users\01254003\desktop\universe land\k2engine\x64\debug\cameracollisionsolver.obj
c:\users\01254003\desktop\universe land\k2engine\x64\debug\skycube.obj
c:\users\01254003\desktop\universe land\k2engine\x64\debug\mapchiprender.obj
c:\users\01254003\desktop\universe land\k2engine\x64\debug\levelrender.obj
c:\users\01254003\desktop\universe land\k2engine\x64\debug\mapchip2drender.obj
c:\users\01254003\desktop\universe land\k2engine\x64\debug\level2drender.obj
c:\users\01254003\desktop\universe land\k2engine\x64\debug\k2engine.obj
c:\users\01254003\desktop\universe land\k2engine\x64\debug\spriterender.obj
c:\users\01254003\desktop\universe land\k2engine\x64\debug\renderingengine.obj
c:\users\01254003\desktop\universe land\k2engine\x64\debug\shadowmaprender.obj
c:\users\01254003\desktop\universe land\k2engine\x64\debug\lightculling.obj
c:\users\01254003\desktop\universe land\k2engine\x64\debug\cascadeshadowmapmatrix.obj
c:\users\01254003\desktop\universe land\k2engine\x64\debug\tonemap.obj
c:\users\01254003\desktop\universe land\k2engine\x64\debug\ssr.obj
c:\users\01254003\desktop\universe land\k2engine\x64\debug\ssao.obj
c:\users\01254003\desktop\universe land\k2engine\x64\debug\posteffectcomponentbase.obj
c:\users\01254003\desktop\universe land\exlib\x64\debug\k2engine.lib
c:\users\01254003\desktop\universe land\k2engine\x64\debug\k2engine.tlog\cl.command.1.tlog
c:\users\01254003\desktop\universe land\k2engine\x64\debug\k2engine.tlog\cl.items.tlog
c:\users\01254003\desktop\universe land\k2engine\x64\debug\k2engine.tlog\cl.read.1.tlog
c:\users\01254003\desktop\universe land\k2engine\x64\debug\k2engine.tlog\cl.write.1.tlog
c:\users\01254003\desktop\universe land\k2engine\x64\debug\k2engine.tlog\lib-link.read.1.tlog
c:\users\01254003\desktop\universe land\k2engine\x64\debug\k2engine.tlog\lib-link.write.1.tlog
c:\users\01254003\desktop\universe land\k2engine\x64\debug\k2engine.tlog\lib.command.1.tlog
