c:\users\01254003\desktop\universe land\game\x64\debug\game.pch
c:\users\01254003\desktop\universe land\game\game\x64\debug\vc143.pdb
c:\users\01254003\desktop\universe land\game\game\x64\debug\vc143.idb
c:\users\01254003\desktop\universe land\game\game\x64\debug\stdafx.obj
c:\users\01254003\desktop\universe land\game\game\x64\debug\title.obj
c:\users\01254003\desktop\universe land\game\game\x64\debug\system.obj
c:\users\01254003\desktop\universe land\game\game\x64\debug\star.obj
c:\users\01254003\desktop\universe land\game\game\x64\debug\stage3.obj
c:\users\01254003\desktop\universe land\game\game\x64\debug\player.obj
c:\users\01254003\desktop\universe land\game\game\x64\debug\main.obj
c:\users\01254003\desktop\universe land\game\game\x64\debug\k2engine.obj
c:\users\01254003\desktop\universe land\game\game\x64\debug\item.obj
c:\users\01254003\desktop\universe land\game\game\x64\debug\gameover.obj
c:\users\01254003\desktop\universe land\game\game\x64\debug\gameclear.obj
c:\users\01254003\desktop\universe land\game\game\x64\debug\gamecamera.obj
c:\users\01254003\desktop\universe land\game\game\x64\debug\game3.obj
c:\users\01254003\desktop\universe land\game\game\x64\debug\fade.obj
c:\users\01254003\desktop\universe land\game\game\x64\debug\enemy.obj
c:\users\01254003\desktop\universe land\game\game\x64\debug\background3.obj
c:\users\01254003\desktop\universe land\game\game\x64\debug\background.obj
c:\users\01254003\desktop\universe land\game\game\x64\debug\game.obj
c:\users\01254003\desktop\universe land\game\game\x64\debug\ui.obj
c:\users\01254003\desktop\universe land\game\game\x64\debug\game.ilk
c:\users\01254003\desktop\universe land\game\game\x64\debug\enemy.obj.enc
c:\users\01254003\desktop\universe land\game\x64\debug\game.pdb
c:\users\01254003\desktop\universe land\game\game\x64\debug\game.tlog\cl.command.1.tlog
c:\users\01254003\desktop\universe land\game\game\x64\debug\game.tlog\cl.items.tlog
c:\users\01254003\desktop\universe land\game\game\x64\debug\game.tlog\cl.read.1.tlog
c:\users\01254003\desktop\universe land\game\game\x64\debug\game.tlog\cl.write.1.tlog
c:\users\01254003\desktop\universe land\game\game\x64\debug\game.tlog\link.23868-cvtres.read.1.tlog
c:\users\01254003\desktop\universe land\game\game\x64\debug\game.tlog\link.23868-cvtres.write.1.tlog
c:\users\01254003\desktop\universe land\game\game\x64\debug\game.tlog\link.23868-rc.read.1.tlog
c:\users\01254003\desktop\universe land\game\game\x64\debug\game.tlog\link.23868-rc.write.1.tlog
c:\users\01254003\desktop\universe land\game\game\x64\debug\game.tlog\link.23868.read.1.tlog
c:\users\01254003\desktop\universe land\game\game\x64\debug\game.tlog\link.23868.read.2.tlog
c:\users\01254003\desktop\universe land\game\game\x64\debug\game.tlog\link.23868.read.3.tlog
c:\users\01254003\desktop\universe land\game\game\x64\debug\game.tlog\link.23868.read.4.tlog
c:\users\01254003\desktop\universe land\game\game\x64\debug\game.tlog\link.23868.write.1.tlog
c:\users\01254003\desktop\universe land\game\game\x64\debug\game.tlog\link.command.1.tlog
c:\users\01254003\desktop\universe land\game\game\x64\debug\game.tlog\link.read.1.tlog
c:\users\01254003\desktop\universe land\game\game\x64\debug\game.tlog\link.secondary.1.tlog
c:\users\01254003\desktop\universe land\game\game\x64\debug\game.tlog\link.write.1.tlog
